<?xml version="1.0" encoding="UTF-8"?>
<testng-results ignored="0" total="2" passed="2" failed="0" skipped="0">
  <reporter-output>
  </reporter-output>
  <suite started-at="2023-08-13T00:36:21 IST" name="Suite" finished-at="2023-08-13T00:37:36 IST" duration-ms="74709">
    <groups>
    </groups>
    <test started-at="2023-08-13T00:36:21 IST" name="Test" finished-at="2023-08-13T00:37:36 IST" duration-ms="74709">
      <class name="frameworkDesign_Automation.Driverpage2">
        <test-method is-config="true" signature="Desiredcapabilitiesprogram()[pri:0, instance:frameworkDesign_Automation.Driverpage2@2c07545f]" started-at="2023-08-13T00:36:21 IST" name="Desiredcapabilitiesprogram" finished-at="2023-08-13T00:37:05 IST" duration-ms="43709" status="PASS">
          <reporter-output>
          </reporter-output>
        </test-method> <!-- Desiredcapabilitiesprogram -->
        <test-method is-config="true" signature="SetupActivity()[pri:0, instance:frameworkDesign_Automation.Driverpage2@2c07545f]" started-at="2023-08-13T00:37:05 IST" name="SetupActivity" finished-at="2023-08-13T00:37:08 IST" duration-ms="2150" status="PASS">
          <reporter-output>
          </reporter-output>
        </test-method> <!-- SetupActivity -->
        <test-method signature="logintosubmit(java.util.HashMap)[pri:0, instance:frameworkDesign_Automation.Driverpage2@2c07545f]" started-at="2023-08-13T00:37:08 IST" name="logintosubmit" data-provider="getdata_test" finished-at="2023-08-13T00:37:23 IST" duration-ms="15089" status="PASS">
          <params>
            <param index="0">
              <value>
                <![CDATA[{name=Vinayak, Country=Argentina, gender=male}]]>
              </value>
            </param>
          </params>
          <reporter-output>
          </reporter-output>
        </test-method> <!-- logintosubmit -->
        <test-method is-config="true" signature="SetupActivity()[pri:0, instance:frameworkDesign_Automation.Driverpage2@2c07545f]" started-at="2023-08-13T00:37:23 IST" name="SetupActivity" finished-at="2023-08-13T00:37:24 IST" duration-ms="1268" status="PASS">
          <reporter-output>
          </reporter-output>
        </test-method> <!-- SetupActivity -->
        <test-method signature="logintosubmit(java.util.HashMap)[pri:0, instance:frameworkDesign_Automation.Driverpage2@2c07545f]" started-at="2023-08-13T00:37:24 IST" name="logintosubmit" data-provider="getdata_test" finished-at="2023-08-13T00:37:36 IST" duration-ms="11964" status="PASS">
          <params>
            <param index="0">
              <value>
                <![CDATA[{name=nikhita, Country=Angola, gender=female}]]>
              </value>
            </param>
          </params>
          <reporter-output>
          </reporter-output>
        </test-method> <!-- logintosubmit -->
      </class> <!-- frameworkDesign_Automation.Driverpage2 -->
    </test> <!-- Test -->
  </suite> <!-- Suite -->
</testng-results>
